<?xml version="1.0" encoding="UTF-8"?>
<testsuite xmlns:xsi="http://www.w3.org/2001/XMLSchema-instance" xsi:noNamespaceSchemaLocation="https://maven.apache.org/surefire/maven-surefire-plugin/xsd/surefire-test-report.xsd" version="3.0.2" name="com.example.backend.BackendApplicationTests" time="3.382" tests="1" errors="0" skipped="0" failures="0">
  <properties>
[...]
</properties>
  <testcase name="contextLoads" classname="com.example.backend.BackendApplicationTests" time="0.496">
    <system-out><![CDATA[17:11:18.284 [main] INFO org.springframework.test.context.support.AnnotationConfigContextLoaderUtils -- Could not detect default configuration classes for test class [com.example.backend.BackendApplicationTests]: BackendApplicationTests does not declare any static, non-private, non-final, nested classes annotated with @Configuration.
17:11:18.348 [main] INFO org.springframework.boot.test.context.SpringBootTestContextBootstrapper -- Found @SpringBootConfiguration com.example.backend.BackendApplication for test class com.example.backend.BackendApplicationTests

  .   ____          _            __ _ _
 /\\ / ___'_ __ _ _(_)_ __  __ _ \ \ \ \
( ( )\___ | '_ | '_| | '_ \/ _` | \ \ \ \
 \\/  ___)| |_)| | | | | || (_| |  ) ) ) )
  '  |____| .__|_| |_|_| |_\__, | / / / /
 =========|_|==============|___/=/_/_/_/

 :: Spring Boot ::                (v3.4.2)

2025-02-19T17:11:18.645+01:00  WARN 40908 --- [           main] ory$DuplicateJsonObjectContextCustomizer : 

Found multiple occurrences of org.json.JSONObject on the class path:

	jar:file:/C:/Users/bilel/.m2/repository/org/json/json/20190722/json-20190722.jar!/org/json/JSONObject.class
	jar:file:/C:/Users/bilel/.m2/repository/com/vaadin/external/google/android-json/0.0.20131108.vaadin1/android-json-0.0.20131108.vaadin1.jar!/org/json/JSONObject.class

You may wish to exclude one of them to ensure predictable runtime behavior

2025-02-19T17:11:18.656+01:00  INFO 40908 --- [           main] c.e.backend.BackendApplicationTests      : Starting BackendApplicationTests using Java 17.0.12 with PID 40908 (started by bilel in D:\dev\java_react\backend-java)
2025-02-19T17:11:18.657+01:00  INFO 40908 --- [           main] c.e.backend.BackendApplicationTests      : No active profile set, falling back to 1 default profile: "default"
2025-02-19T17:11:18.674+01:00 DEBUG 40908 --- [           main] o.s.w.c.s.GenericWebApplicationContext   : Refreshing org.springframework.web.context.support.GenericWebApplicationContext@df5f5c0
2025-02-19T17:11:19.194+01:00  INFO 40908 --- [           main] .s.d.r.c.RepositoryConfigurationDelegate : Bootstrapping Spring Data MongoDB repositories in DEFAULT mode.
2025-02-19T17:11:19.247+01:00  INFO 40908 --- [           main] .s.d.r.c.RepositoryConfigurationDelegate : Finished Spring Data repository scanning in 41 ms. Found 2 MongoDB repository interfaces.
2025-02-19T17:11:19.603+01:00  INFO 40908 --- [nie.mongodb.net] org.mongodb.driver.cluster               : Adding discovered server renova-shard-00-02.lfnie.mongodb.net:27017 to client view of cluster
2025-02-19T17:11:19.632+01:00  INFO 40908 --- [           main] org.mongodb.driver.client                : MongoClient with metadata {"driver": {"name": "mongo-java-driver|sync|spring-boot", "version": "5.2.1"}, "os": {"type": "Windows", "name": "Windows 11", "architecture": "amd64", "version": "10.0"}, "platform": "Java/Oracle Corporation/17.0.12+8-LTS-286"} created with settings MongoClientSettings{readPreference=primary, writeConcern=WriteConcern{w=null, wTimeout=null ms, journal=null}, retryWrites=true, retryReads=true, readConcern=ReadConcern{level=null}, credential=MongoCredential{mechanism=null, userName='TASSEDA', source='admin', password=<hidden>, mechanismProperties=<hidden>}, transportSettings=null, commandListeners=[], codecRegistry=ProvidersCodecRegistry{codecProviders=[ValueCodecProvider{}, BsonValueCodecProvider{}, DBRefCodecProvider{}, DBObjectCodecProvider{}, DocumentCodecProvider{}, CollectionCodecProvider{}, IterableCodecProvider{}, MapCodecProvider{}, GeoJsonCodecProvider{}, GridFSFileCodecProvider{}, Jsr310CodecProvider{}, JsonObjectCodecProvider{}, BsonCodecProvider{}, EnumCodecProvider{}, com.mongodb.client.model.mql.ExpressionCodecProvider@6f5d0190, com.mongodb.Jep395RecordCodecProvider@67332b1e, com.mongodb.KotlinCodecProvider@7e34b127]}, loggerSettings=LoggerSettings{maxDocumentLength=1000}, clusterSettings={hosts=[127.0.0.1:27017], srvHost=renova.lfnie.mongodb.net, srvServiceName=mongodb, mode=MULTIPLE, requiredClusterType=REPLICA_SET, requiredReplicaSetName='atlas-xh9j9j-shard-0', serverSelector='null', clusterListeners='[]', serverSelectionTimeout='30000 ms', localThreshold='15 ms'}, socketSettings=SocketSettings{connectTimeoutMS=10000, readTimeoutMS=0, receiveBufferSize=0, proxySettings=ProxySettings{host=null, port=null, username=null, password=null}}, heartbeatSocketSettings=SocketSettings{connectTimeoutMS=10000, readTimeoutMS=10000, receiveBufferSize=0, proxySettings=ProxySettings{host=null, port=null, username=null, password=null}}, connectionPoolSettings=ConnectionPoolSettings{maxSize=100, minSize=0, maxWaitTimeMS=120000, maxConnectionLifeTimeMS=0, maxConnectionIdleTimeMS=0, maintenanceInitialDelayMS=0, maintenanceFrequencyMS=60000, connectionPoolListeners=[], maxConnecting=2}, serverSettings=ServerSettings{heartbeatFrequencyMS=10000, minHeartbeatFrequencyMS=500, serverMonitoringMode=AUTO, serverListeners='[]', serverMonitorListeners='[]'}, sslSettings=SslSettings{enabled=true, invalidHostNameAllowed=false, context=null}, applicationName='null', compressorList=[], uuidRepresentation=JAVA_LEGACY, serverApi=null, autoEncryptionSettings=null, dnsClient=null, inetAddressResolver=null, contextProvider=null, timeoutMS=null}
2025-02-19T17:11:19.641+01:00  INFO 40908 --- [nie.mongodb.net] org.mongodb.driver.cluster               : Adding discovered server renova-shard-00-00.lfnie.mongodb.net:27017 to client view of cluster
2025-02-19T17:11:19.643+01:00  INFO 40908 --- [nie.mongodb.net] org.mongodb.driver.cluster               : Adding discovered server renova-shard-00-01.lfnie.mongodb.net:27017 to client view of cluster
2025-02-19T17:11:20.143+01:00  INFO 40908 --- [ngodb.net:27017] org.mongodb.driver.cluster               : Monitor thread successfully connected to server with description ServerDescription{address=renova-shard-00-01.lfnie.mongodb.net:27017, type=REPLICA_SET_PRIMARY, cryptd=false, state=CONNECTED, ok=true, minWireVersion=0, maxWireVersion=25, maxDocumentSize=16777216, logicalSessionTimeoutMinutes=30, roundTripTimeNanos=255967800, minRoundTripTimeNanos=0, setName='atlas-xh9j9j-shard-0', canonicalAddress=renova-shard-00-01.lfnie.mongodb.net:27017, hosts=[renova-shard-00-02.lfnie.mongodb.net:27017, renova-shard-00-01.lfnie.mongodb.net:27017, renova-shard-00-00.lfnie.mongodb.net:27017], passives=[], arbiters=[], primary='renova-shard-00-01.lfnie.mongodb.net:27017', tagSet=TagSet{[Tag{name='availabilityZone', value='euw3-az2'}, Tag{name='diskState', value='READY'}, Tag{name='nodeType', value='ELECTABLE'}, Tag{name='provider', value='AWS'}, Tag{name='region', value='EU_WEST_3'}, Tag{name='workloadType', value='OPERATIONAL'}]}, electionId=7fffffff0000000000000036, setVersion=15, topologyVersion=TopologyVersion{processId=67ab88406aed4cf192fa9d3e, counter=6}, lastWriteDate=Wed Feb 19 17:11:18 CET 2025, lastUpdateTimeNanos=25907074951600}
2025-02-19T17:11:20.144+01:00  INFO 40908 --- [ngodb.net:27017] org.mongodb.driver.cluster               : Monitor thread successfully connected to server with description ServerDescription{address=renova-shard-00-00.lfnie.mongodb.net:27017, type=REPLICA_SET_SECONDARY, cryptd=false, state=CONNECTED, ok=true, minWireVersion=0, maxWireVersion=25, maxDocumentSize=16777216, logicalSessionTimeoutMinutes=30, roundTripTimeNanos=255967700, minRoundTripTimeNanos=0, setName='atlas-xh9j9j-shard-0', canonicalAddress=renova-shard-00-00.lfnie.mongodb.net:27017, hosts=[renova-shard-00-02.lfnie.mongodb.net:27017, renova-shard-00-01.lfnie.mongodb.net:27017, renova-shard-00-00.lfnie.mongodb.net:27017], passives=[], arbiters=[], primary='renova-shard-00-01.lfnie.mongodb.net:27017', tagSet=TagSet{[Tag{name='availabilityZone', value='euw3-az1'}, Tag{name='diskState', value='READY'}, Tag{name='nodeType', value='ELECTABLE'}, Tag{name='provider', value='AWS'}, Tag{name='region', value='EU_WEST_3'}, Tag{name='workloadType', value='OPERATIONAL'}]}, electionId=null, setVersion=15, topologyVersion=TopologyVersion{processId=67ab8561a1ccaf2a4792d0ab, counter=4}, lastWriteDate=Wed Feb 19 17:11:18 CET 2025, lastUpdateTimeNanos=25907074951600}
2025-02-19T17:11:20.144+01:00  INFO 40908 --- [ngodb.net:27017] org.mongodb.driver.cluster               : Monitor thread successfully connected to server with description ServerDescription{address=renova-shard-00-02.lfnie.mongodb.net:27017, type=REPLICA_SET_SECONDARY, cryptd=false, state=CONNECTED, ok=true, minWireVersion=0, maxWireVersion=25, maxDocumentSize=16777216, logicalSessionTimeoutMinutes=30, roundTripTimeNanos=255967800, minRoundTripTimeNanos=0, setName='atlas-xh9j9j-shard-0', canonicalAddress=renova-shard-00-02.lfnie.mongodb.net:27017, hosts=[renova-shard-00-02.lfnie.mongodb.net:27017, renova-shard-00-01.lfnie.mongodb.net:27017, renova-shard-00-00.lfnie.mongodb.net:27017], passives=[], arbiters=[], primary='renova-shard-00-01.lfnie.mongodb.net:27017', tagSet=TagSet{[Tag{name='availabilityZone', value='euw3-az3'}, Tag{name='diskState', value='READY'}, Tag{name='nodeType', value='ELECTABLE'}, Tag{name='provider', value='AWS'}, Tag{name='region', value='EU_WEST_3'}, Tag{name='workloadType', value='OPERATIONAL'}]}, electionId=null, setVersion=15, topologyVersion=TopologyVersion{processId=67ab8b3f056d95cf669d65b5, counter=3}, lastWriteDate=Wed Feb 19 17:11:18 CET 2025, lastUpdateTimeNanos=25907074951700}
2025-02-19T17:11:20.148+01:00  INFO 40908 --- [ngodb.net:27017] org.mongodb.driver.cluster               : Discovered replica set primary renova-shard-00-01.lfnie.mongodb.net:27017 with max election id 7fffffff0000000000000036 and max set version 15
2025-02-19T17:11:20.481+01:00 DEBUG 40908 --- [           main] o.s.w.s.s.s.WebSocketHandlerMapping      : Patterns [/ws-chat] in 'stompWebSocketHandlerMapping'
2025-02-19T17:11:20.572+01:00 DEBUG 40908 --- [           main] s.w.s.m.m.a.RequestMappingHandlerMapping : 9 mappings in 'requestMappingHandlerMapping'
2025-02-19T17:11:20.652+01:00 DEBUG 40908 --- [           main] o.s.w.s.handler.SimpleUrlHandlerMapping  : Patterns [/webjars/**, /**] in 'resourceHandlerMapping'
2025-02-19T17:11:20.737+01:00 DEBUG 40908 --- [           main] .WebSocketAnnotationMethodMessageHandler : 
	c.e.b.c.AuthController:
	
2025-02-19T17:11:20.740+01:00 DEBUG 40908 --- [           main] .WebSocketAnnotationMethodMessageHandler : 
	c.e.b.c.ChatController:
	{[MESSAGE],[/send]}: sendMessage(ChatMessage)
2025-02-19T17:11:20.740+01:00 DEBUG 40908 --- [           main] .WebSocketAnnotationMethodMessageHandler : 
	c.e.b.c.UserController:
	
2025-02-19T17:11:20.741+01:00 DEBUG 40908 --- [           main] .WebSocketAnnotationMethodMessageHandler : 
	o.s.b.a.w.s.e.BasicErrorController:
	
2025-02-19T17:11:20.899+01:00 DEBUG 40908 --- [           main] s.w.s.m.m.a.RequestMappingHandlerAdapter : ControllerAdvice beans: 0 @ModelAttribute, 0 @InitBinder, 1 RequestBodyAdvice, 1 ResponseBodyAdvice
2025-02-19T17:11:20.960+01:00 DEBUG 40908 --- [           main] .m.m.a.ExceptionHandlerExceptionResolver : ControllerAdvice beans: 0 @ExceptionHandler, 1 ResponseBodyAdvice
2025-02-19T17:11:21.040+01:00 DEBUG 40908 --- [           main] o.s.m.s.ExecutorSubscribableChannel      : clientOutboundChannel added SubProtocolWebSocketHandler[StompSubProtocolHandler[v10.stomp, v11.stomp, v12.stomp]]
2025-02-19T17:11:21.040+01:00 DEBUG 40908 --- [           main] o.s.m.s.ExecutorSubscribableChannel      : clientInboundChannel added WebSocketAnnotationMethodMessageHandler[prefixes=[/app/]]
2025-02-19T17:11:21.041+01:00  INFO 40908 --- [           main] o.s.m.s.b.SimpleBrokerMessageHandler     : Starting...
2025-02-19T17:11:21.042+01:00 DEBUG 40908 --- [           main] o.s.m.s.ExecutorSubscribableChannel      : clientInboundChannel added SimpleBrokerMessageHandler [org.springframework.messaging.simp.broker.DefaultSubscriptionRegistry@6cee903a]
2025-02-19T17:11:21.042+01:00 DEBUG 40908 --- [           main] o.s.m.s.ExecutorSubscribableChannel      : brokerChannel added SimpleBrokerMessageHandler [org.springframework.messaging.simp.broker.DefaultSubscriptionRegistry@6cee903a]
2025-02-19T17:11:21.042+01:00  INFO 40908 --- [           main] o.s.m.s.b.SimpleBrokerMessageHandler     : BrokerAvailabilityEvent[available=true, SimpleBrokerMessageHandler [org.springframework.messaging.simp.broker.DefaultSubscriptionRegistry@6cee903a]]
2025-02-19T17:11:21.042+01:00  INFO 40908 --- [           main] o.s.m.s.b.SimpleBrokerMessageHandler     : Started.
2025-02-19T17:11:21.043+01:00 DEBUG 40908 --- [           main] o.s.m.s.ExecutorSubscribableChannel      : clientInboundChannel added UserDestinationMessageHandler[DefaultUserDestinationResolver[prefix=/user/]]
2025-02-19T17:11:21.043+01:00 DEBUG 40908 --- [           main] o.s.m.s.ExecutorSubscribableChannel      : brokerChannel added UserDestinationMessageHandler[DefaultUserDestinationResolver[prefix=/user/]]
2025-02-19T17:11:21.050+01:00  INFO 40908 --- [           main] c.e.backend.BackendApplicationTests      : Started BackendApplicationTests in 2.57 seconds (process running for 3.191)
]]></system-out>
  </testcase>
</testsuite>